\BOOKMARK [-1][-]{part.1}{I title}{}% 1
\BOOKMARK [0][-]{chapter.1}{Heading on level 0 \(chapter\)}{part.1}% 2
\BOOKMARK [1][-]{section.1.1}{Heading on level 1 \(section\)}{chapter.1}% 3
\BOOKMARK [2][-]{subsection.1.1.1}{Heading on level 2 \(subsection\)}{section.1.1}% 4
\BOOKMARK [1][-]{section.1.2}{Lists}{chapter.1}% 5
\BOOKMARK [2][-]{subsection.1.2.1}{Example for list \(itemize\)}{section.1.2}% 6
\BOOKMARK [2][-]{subsection.1.2.2}{Example for list \(enumerate\)}{section.1.2}% 7
\BOOKMARK [2][-]{subsection.1.2.3}{Example for list \(description\)}{section.1.2}% 8
\BOOKMARK [0][-]{chapter.2}{Heading on level 0 \(chapter\)}{part.1}% 9
\BOOKMARK [1][-]{section.2.1}{Heading on level 1 \(section\)}{chapter.2}% 10
\BOOKMARK [2][-]{subsection.2.1.1}{Heading on level 2 \(subsection\)}{section.2.1}% 11
\BOOKMARK [1][-]{section.2.2}{Lists}{chapter.2}% 12
\BOOKMARK [2][-]{subsection.2.2.1}{Example for list \(itemize\)}{section.2.2}% 13
\BOOKMARK [2][-]{subsection.2.2.2}{Example for list \(enumerate\)}{section.2.2}% 14
\BOOKMARK [2][-]{subsection.2.2.3}{Example for list \(description\)}{section.2.2}% 15
\BOOKMARK [0][-]{appendix.A}{Heading on level 0 \(chapter\)}{part.1}% 16
\BOOKMARK [1][-]{section.A.1}{Heading on level 1 \(section\)}{appendix.A}% 17
\BOOKMARK [2][-]{subsection.A.1.1}{Heading on level 2 \(subsection\)}{section.A.1}% 18
\BOOKMARK [1][-]{section.A.2}{Lists}{appendix.A}% 19
\BOOKMARK [2][-]{subsection.A.2.1}{Example for list \(itemize\)}{section.A.2}% 20
\BOOKMARK [2][-]{subsection.A.2.2}{Example for list \(enumerate\)}{section.A.2}% 21
\BOOKMARK [2][-]{subsection.A.2.3}{Example for list \(description\)}{section.A.2}% 22
